<?xml version="1.0" encoding="UTF-8"?>
<testsuite xmlns:xsi="http://www.w3.org/2001/XMLSchema-instance" xsi:noNamespaceSchemaLocation="https://maven.apache.org/surefire/maven-surefire-plugin/xsd/surefire-test-report-3.0.xsd" version="3.0" name="hubdoc.hubdocTestRunner" time="27.018" tests="2" errors="1" skipped="0" failures="1">
  <properties>
[...]
</properties>
  <testcase name="process a document" classname="Use the hubdoc to manage my documents" time="16.989">
    <error message="Session ID is null. Using WebDriver after calling quit()?&#10;Build info: version: &apos;3.11.0&apos;, revision: &apos;e59cfb3&apos;, time: &apos;2018-03-11T20:26:55.152Z&apos;&#10;System info: host: &apos;aliciahtraderev&apos;, ip: &apos;fe80:0:0:0:1c96:49a:324c:7898%en0&apos;, os.name: &apos;Mac OS X&apos;, os.arch: &apos;x86_64&apos;, os.version: &apos;10.14.6&apos;, java.version: &apos;11.0.2&apos;&#10;Driver info: driver.version: RemoteWebDriver" type="org.openqa.selenium.NoSuchSessionException">org.openqa.selenium.NoSuchSessionException: 
Session ID is null. Using WebDriver after calling quit()?
Build info: version: '3.11.0', revision: 'e59cfb3', time: '2018-03-11T20:26:55.152Z'
System info: host: 'aliciahtraderev', ip: 'fe80:0:0:0:1c96:49a:324c:7898%en0', os.name: 'Mac OS X', os.arch: 'x86_64', os.version: '10.14.6', java.version: '11.0.2'
Driver info: driver.version: RemoteWebDriver
</error>
    <system-out><![CDATA[Feature: Use the hubdoc to manage my documents
  As a hubdoc user
  I should be able to upload my document
  I should be able to process my document

  Background:                                                                # src/test/resources/features/hubdoc.feature:6
    When I login with email "h_yanchun@hotmail.com" and password "Abcde123!" # hubdocStepDefinition.uploadDoc(String,String)

  @test
  Scenario: process a document            # src/test/resources/features/hubdoc.feature:10
    Then I mark document as paid          # hubdocStepDefinition.markAsPaid()
    Then I add a note "Notes for testing" # hubdocStepDefinition.addNotes(String)
    Then I view document                  # hubdocStepDefinition.viewDocument()
    Then I download document              # hubdocStepDefinition.downloadDocument()
    Then I delete document                # hubdocStepDefinition.deleteDocument()
    Then I logout                         # hubdocStepDefinition.userLogout()
      org.openqa.selenium.NoSuchSessionException: Session ID is null. Using WebDriver after calling quit()?
Build info: version: '3.11.0', revision: 'e59cfb3', time: '2018-03-11T20:26:55.152Z'
System info: host: 'aliciahtraderev', ip: 'fe80:0:0:0:1c96:49a:324c:7898%en0', os.name: 'Mac OS X', os.arch: 'x86_64', os.version: '10.14.6', java.version: '11.0.2'
Driver info: driver.version: RemoteWebDriver
	at org.openqa.selenium.remote.HttpCommandExecutor.execute(HttpCommandExecutor.java:125)
	at org.openqa.selenium.remote.service.DriverCommandExecutor.execute(DriverCommandExecutor.java:83)
	at org.openqa.selenium.remote.RemoteWebDriver.execute(RemoteWebDriver.java:545)
	at org.openqa.selenium.remote.RemoteWebDriver.findElement(RemoteWebDriver.java:319)
	at org.openqa.selenium.remote.RemoteWebDriver.findElementById(RemoteWebDriver.java:365)
	at org.openqa.selenium.By$ById.findElement(By.java:218)
	at org.openqa.selenium.remote.RemoteWebDriver.findElement(RemoteWebDriver.java:311)
	at hubdoc.hubdocSenario.logout(hubdocSenario.java:204)
	at hubdoc.hubdocStepDefinition.userLogout(hubdocStepDefinition.java:47)
	at ✽.I logout(src/test/resources/features/hubdoc.feature:16)

]]></system-out>
    <system-err><![CDATA[Starting ChromeDriver 83.0.4103.39 (ccbf011cb2d2b19b506d844400483861342c20cd-refs/branch-heads/4103@{#416}) on port 11716
Only local connections are allowed.
Please see https://chromedriver.chromium.org/security-considerations for suggestions on keeping ChromeDriver safe.
ChromeDriver was started successfully.
Jul. 12, 2020 4:48:03 P.M. org.openqa.selenium.remote.ProtocolHandshake createSession
INFO: Detected dialect: W3C
]]></system-err>
  </testcase>
  <testcase name="upload a document" classname="Use the hubdoc to manage my documents" time="9.722">
    <failure message="expected:&lt;2&gt; but was:&lt;3&gt;" type="java.lang.AssertionError"><![CDATA[java.lang.AssertionError: expected:<2> but was:<3>
]]></failure>
    <system-out><![CDATA[
  Background:                                                                # src/test/resources/features/hubdoc.feature:6
    When I login with email "h_yanchun@hotmail.com" and password "Abcde123!" # hubdocStepDefinition.uploadDoc(String,String)

  @test
  Scenario: upload a document                                 # src/test/resources/features/hubdoc.feature:20
    Then I upload document "Foxglove Studios Invoices_CA.pdf" # hubdocStepDefinition.uploadDocument(String)
      java.lang.AssertionError: expected:<2> but was:<3>
	at org.junit.Assert.fail(Assert.java:88)
	at org.junit.Assert.failNotEquals(Assert.java:834)
	at org.junit.Assert.assertEquals(Assert.java:645)
	at org.junit.Assert.assertEquals(Assert.java:631)
	at hubdoc.hubdocSenario.uploadDocument(hubdocSenario.java:80)
	at hubdoc.hubdocStepDefinition.uploadDocument(hubdocStepDefinition.java:17)
	at ✽.I upload document "Foxglove Studios Invoices_CA.pdf"(src/test/resources/features/hubdoc.feature:21)

    Then I logout                                             # hubdocStepDefinition.userLogout()
]]></system-out>
    <system-err><![CDATA[Starting ChromeDriver 83.0.4103.39 (ccbf011cb2d2b19b506d844400483861342c20cd-refs/branch-heads/4103@{#416}) on port 17860
Only local connections are allowed.
Please see https://chromedriver.chromium.org/security-considerations for suggestions on keeping ChromeDriver safe.
ChromeDriver was started successfully.
Jul. 12, 2020 4:48:20 P.M. org.openqa.selenium.remote.ProtocolHandshake createSession
INFO: Detected dialect: W3C
]]></system-err>
  </testcase>
</testsuite>